[14-Mar-2026 13:04:29] NOTICE: fpm is running, pid 46929
[14-Mar-2026 13:04:29] NOTICE: ready to handle connections
[14-Mar-2026 16:21:43] NOTICE: Terminating ...
[14-Mar-2026 16:21:43] NOTICE: Terminating ...
[14-Mar-2026 16:21:43] NOTICE: exiting, bye-bye!
[15-Mar-2026 11:12:47] NOTICE: fpm is running, pid 43797
[15-Mar-2026 11:12:47] NOTICE: ready to handle connections
[15-Mar-2026 12:18:19] NOTICE: Terminating ...
[15-Mar-2026 12:18:19] NOTICE: Terminating ...
[15-Mar-2026 12:18:19] NOTICE: exiting, bye-bye!
[21-Mar-2026 09:43:03] NOTICE: fpm is running, pid 21068
[21-Mar-2026 09:43:03] NOTICE: ready to handle connections
[21-Mar-2026 10:32:21] NOTICE: Terminating ...
[21-Mar-2026 10:32:21] NOTICE: Terminating ...
[21-Mar-2026 10:32:21] NOTICE: exiting, bye-bye!
[22-Mar-2026 10:42:13] NOTICE: fpm is running, pid 33880
[22-Mar-2026 10:42:13] NOTICE: ready to handle connections
[22-Mar-2026 16:05:44] NOTICE: Terminating ...
[22-Mar-2026 16:05:44] NOTICE: Terminating ...
[22-Mar-2026 16:05:44] NOTICE: exiting, bye-bye!
[11-Apr-2026 13:06:04] NOTICE: fpm is running, pid 54775
[11-Apr-2026 13:06:04] NOTICE: ready to handle connections
[11-Apr-2026 16:32:00] NOTICE: Terminating ...
[11-Apr-2026 16:32:00] NOTICE: Terminating ...
[11-Apr-2026 16:32:00] NOTICE: exiting, bye-bye!
[19-Apr-2026 13:26:43] NOTICE: fpm is running, pid 40653
[19-Apr-2026 13:26:43] NOTICE: ready to handle connections
